<?xml version="1.0" encoding="UTF-8"?>
<testng-results skipped="0" failed="0" ignored="0" total="1" passed="1">
  <reporter-output>
  </reporter-output>
  <suite name="Default suite" duration-ms="134958" started-at="2019-01-09T23:11:50Z" finished-at="2019-01-09T23:14:05Z">
    <groups>
    </groups>
    <test name="Default test" duration-ms="134958" started-at="2019-01-09T23:11:50Z" finished-at="2019-01-09T23:14:05Z">
      <class name="termQuote.InsuranceQuote_Test">
        <test-method status="PASS" signature="Quotetest()[pri:0, instance:termQuote.InsuranceQuote_Test@16905e]" name="Quotetest" duration-ms="134923" started-at="2019-01-09T23:11:50Z" finished-at="2019-01-09T23:14:05Z">
          <reporter-output>
          </reporter-output>
        </test-method> <!-- Quotetest -->
      </class> <!-- termQuote.InsuranceQuote_Test -->
    </test> <!-- Default test -->
  </suite> <!-- Default suite -->
</testng-results>
