<?xml version="1.0" encoding="UTF-8"?>
<testng-results skipped="0" failed="0" ignored="0" total="1" passed="1">
  <reporter-output>
  </reporter-output>
  <suite name="Default suite" duration-ms="129914" started-at="2019-01-09T21:15:41Z" finished-at="2019-01-09T21:17:51Z">
    <groups>
    </groups>
    <test name="Default test" duration-ms="129914" started-at="2019-01-09T21:15:41Z" finished-at="2019-01-09T21:17:51Z">
      <class name="termQuote.Test_1">
        <test-method status="PASS" signature="logintest()[pri:0, instance:termQuote.Test_1@16905e]" name="logintest" duration-ms="129876" started-at="2019-01-09T21:15:41Z" finished-at="2019-01-09T21:17:51Z">
          <reporter-output>
          </reporter-output>
        </test-method> <!-- logintest -->
      </class> <!-- termQuote.Test_1 -->
    </test> <!-- Default test -->
  </suite> <!-- Default suite -->
</testng-results>
